c:\users\lam-pc\desktop\gameltl\mega man x3\mega man x3\debug\vc141.pdb
c:\users\lam-pc\desktop\gameltl\mega man x3\mega man x3\debug\vc141.idb
c:\users\lam-pc\desktop\gameltl\mega man x3\mega man x3\debug\megaman.obj
c:\users\lam-pc\desktop\gameltl\mega man x3\mega man x3\debug\keyboard.obj
c:\users\lam-pc\desktop\gameltl\mega man x3\mega man x3\debug\spritesheet.obj
c:\users\lam-pc\desktop\gameltl\mega man x3\mega man x3\debug\spark.obj
c:\users\lam-pc\desktop\gameltl\mega man x3\mega man x3\debug\smoke.obj
c:\users\lam-pc\desktop\gameltl\mega man x3\mega man x3\debug\quadtree.obj
c:\users\lam-pc\desktop\gameltl\mega man x3\mega man x3\debug\mapobject.obj
c:\users\lam-pc\desktop\gameltl\mega man x3\mega man x3\debug\mapinfo.obj
c:\users\lam-pc\desktop\gameltl\mega man x3\mega man x3\debug\map.obj
c:\users\lam-pc\desktop\gameltl\mega man x3\mega man x3\debug\lightenergy.obj
c:\users\lam-pc\desktop\gameltl\mega man x3\mega man x3\debug\lifebar.obj
c:\users\lam-pc\desktop\gameltl\mega man x3\mega man x3\debug\item.obj
c:\users\lam-pc\desktop\gameltl\mega man x3\mega man x3\debug\graphic.obj
c:\users\lam-pc\desktop\gameltl\mega man x3\mega man x3\debug\game.obj
c:\users\lam-pc\desktop\gameltl\mega man x3\mega man x3\debug\explosion.obj
c:\users\lam-pc\desktop\gameltl\mega man x3\mega man x3\debug\enemy.obj
c:\users\lam-pc\desktop\gameltl\mega man x3\mega man x3\debug\collision.obj
c:\users\lam-pc\desktop\gameltl\mega man x3\mega man x3\debug\collapse.obj
c:\users\lam-pc\desktop\gameltl\mega man x3\mega man x3\debug\bullet.obj
c:\users\lam-pc\desktop\gameltl\mega man x3\mega man x3\debug\animation.obj
c:\users\lam-pc\desktop\gameltl\mega man x3\mega man x3\debug\winmain.obj
c:\users\lam-pc\desktop\gameltl\mega man x3\mega man x3\debug\viewport.obj
c:\users\lam-pc\desktop\gameltl\mega man x3\mega man x3\debug\tinyxmlparser.obj
c:\users\lam-pc\desktop\gameltl\mega man x3\mega man x3\debug\tinyxmlerror.obj
c:\users\lam-pc\desktop\gameltl\mega man x3\mega man x3\debug\tinyxml.obj
c:\users\lam-pc\desktop\gameltl\mega man x3\mega man x3\debug\tinystr.obj
c:\users\lam-pc\desktop\gameltl\mega man x3\mega man x3\debug\tileset.obj
c:\users\lam-pc\desktop\gameltl\mega man x3\mega man x3\debug\text.obj
c:\users\lam-pc\desktop\gameltl\mega man x3\mega man x3\debug\sprite.obj
c:\users\lam-pc\desktop\gameltl\mega man x3\mega man x3\debug\scene.obj
c:\users\lam-pc\desktop\gameltl\mega man x3\mega man x3\debug\objectmanager.obj
c:\users\lam-pc\desktop\gameltl\mega man x3\mega man x3\debug\object.obj
c:\users\lam-pc\desktop\gameltl\mega man x3\mega man x3\debug\statemegaman.obj
c:\users\lam-pc\desktop\gameltl\mega man x3\mega man x3\debug\megamananim.obj
c:\users\lam-pc\desktop\gameltl\mega man x3\mega man x3\debug\headgun.obj
c:\users\lam-pc\desktop\gameltl\mega man x3\mega man x3\debug\elevator.obj
c:\users\lam-pc\desktop\gameltl\mega man x3\debug\megamangame.exe
c:\users\lam-pc\desktop\gameltl\mega man x3\debug\megamangame.ilk
c:\users\lam-pc\desktop\gameltl\mega man x3\debug\megamangame.pdb
c:\users\lam-pc\desktop\gameltl\mega man x3\mega man x3\debug\mapobjectgroup.obj
c:\users\lam-pc\desktop\gameltl\mega man x3\mega man x3\debug\megamananimation.obj
c:\users\lam-pc\desktop\gameltl\mega man x3\mega man x3\debug\megamanstate.obj
c:\users\lam-pc\desktop\gameltl\mega man x3\mega man x3\debug\tilesetmap.obj
c:\users\lam-pc\desktop\gameltl\mega man x3\mega man x3\debug\vc140.idb
c:\users\lam-pc\desktop\gameltl\mega man x3\mega man x3\debug\vc140.pdb
c:\users\lam-pc\desktop\gameltl\mega man x3\mega man x3\debug\megamangame.tlog\cl.command.1.tlog
c:\users\lam-pc\desktop\gameltl\mega man x3\mega man x3\debug\megamangame.tlog\cl.read.1.tlog
c:\users\lam-pc\desktop\gameltl\mega man x3\mega man x3\debug\megamangame.tlog\cl.write.1.tlog
c:\users\lam-pc\desktop\gameltl\mega man x3\mega man x3\debug\megamangame.tlog\link.command.1.tlog
c:\users\lam-pc\desktop\gameltl\mega man x3\mega man x3\debug\megamangame.tlog\link.read.1.tlog
c:\users\lam-pc\desktop\gameltl\mega man x3\mega man x3\debug\megamangame.tlog\link.write.1.tlog
